#
# A fatal error has been detected by the Java Runtime Environment:
#
#  Internal Error (t:/workspace/open/src/hotspot/share/interpreter/oopMapCache.cpp:110), pid=8952, tid=14644
#  Error: ShouldNotReachHere()
#
# JRE version: Java(TM) SE Runtime Environment (13.0.2+8) (build 13.0.2+8)
# Java VM: Java HotSpot(TM) 64-Bit Server VM (13.0.2+8, mixed mode, sharing, tiered, compressed oops, g1 gc, windows-amd64)
# No core dump will be written. Minidumps are not enabled by default on client versions of Windows
#
# If you would like to submit a bug report, please visit:
#   http://bugreport.java.com/bugreport/crash.jsp
#

---------------  S U M M A R Y ------------

Command Line: -agentlib:jdwp=transport=dt_socket,suspend=y,address=localhost:57640 -javaagent:C:\Users\antho\eclipse\java-2020-03\eclipse\configuration\org.eclipse.osgi\223\0\.cp\lib\javaagent-shaded.jar -Dfile.encoding=Cp1252 com.tbf.PortfolioReport

Host: Intel(R) Core(TM) i7-8700K CPU @ 3.70GHz, 12 cores, 15G,  Windows 10 , 64 bit Build 18362 (10.0.18362.778)
Time: Sat Apr 18 00:50:38 2020 Central Daylight Time elapsed time: 7971 seconds (0d 2h 12m 51s)

---------------  T H R E A D  ---------------

Current thread (0x000001e439552000):  JavaThread "JDWP Transport Listener: dt_socket" daemon [_thread_in_vm, id=14644, stack(0x0000004099800000,0x0000004099900000)] _threads_hazard_ptr=0x000001e43b33f140

Stack: [0x0000004099800000,0x0000004099900000]
Native frames: (J=compiled Java code, j=interpreted, Vv=VM code, C=native code)
V  [jvm.dll+0x624f9a]
V  [jvm.dll+0x770cfa]
V  [jvm.dll+0x7724af]
V  [jvm.dll+0x772a67]
V  [jvm.dll+0x24be8c]
V  [jvm.dll+0x24bdf3]
V  [jvm.dll+0x61420f]
V  [jvm.dll+0x613f6d]
V  [jvm.dll+0x5ddb03]
V  [jvm.dll+0x76840f]
V  [jvm.dll+0x4f6476]
V  [jvm.dll+0x7776dd]
V  [jvm.dll+0x4dc54e]
V  [jvm.dll+0x4a0d60]
C  [jdwp.dll+0x7bbc]


---------------  P R O C E S S  ---------------

Threads class SMR info:
_java_thread_list=0x000001e43b33f140, length=13, elements={
0x000001e412bac800, 0x000001e438a1f000, 0x000001e438a23000, 0x000001e4392c3000,
0x000001e4392c5000, 0x000001e4392c7000, 0x000001e4392cd000, 0x000001e4392df000,
0x000001e438a02000, 0x000001e439552000, 0x000001e4394a2000, 0x000001e4394a3000,
0x000001e439b1a000
}

Java Threads: ( => current thread )
  0x000001e412bac800 JavaThread "main" [_thread_blocked, id=20392, stack(0x0000004098800000,0x0000004098900000)]
  0x000001e438a1f000 JavaThread "Reference Handler" daemon [_thread_blocked, id=14556, stack(0x0000004098f00000,0x0000004099000000)]
  0x000001e438a23000 JavaThread "Finalizer" daemon [_thread_blocked, id=4432, stack(0x0000004099000000,0x0000004099100000)]
  0x000001e4392c3000 JavaThread "Signal Dispatcher" daemon [_thread_blocked, id=18948, stack(0x0000004099100000,0x0000004099200000)]
  0x000001e4392c5000 JavaThread "Attach Listener" daemon [_thread_blocked, id=19352, stack(0x0000004099200000,0x0000004099300000)]
  0x000001e4392c7000 JavaThread "C2 CompilerThread0" daemon [_thread_blocked, id=4700, stack(0x0000004099300000,0x0000004099400000)]
  0x000001e4392cd000 JavaThread "C1 CompilerThread0" daemon [_thread_blocked, id=15184, stack(0x0000004099400000,0x0000004099500000)]
  0x000001e4392df000 JavaThread "Sweeper thread" daemon [_thread_blocked, id=22708, stack(0x0000004099500000,0x0000004099600000)]
  0x000001e438a02000 JavaThread "Common-Cleaner" daemon [_thread_blocked, id=3132, stack(0x0000004099600000,0x0000004099700000)]
=>0x000001e439552000 JavaThread "JDWP Transport Listener: dt_socket" daemon [_thread_in_vm, id=14644, stack(0x0000004099800000,0x0000004099900000)] _threads_hazard_ptr=0x000001e43b33f140
  0x000001e4394a2000 JavaThread "JDWP Event Helper Thread" daemon [_thread_blocked, id=7740, stack(0x0000004099900000,0x0000004099a00000)]
  0x000001e4394a3000 JavaThread "JDWP Command Reader" daemon [_thread_in_native, id=19464, stack(0x0000004099a00000,0x0000004099b00000)]
  0x000001e439b1a000 JavaThread "Service Thread" daemon [_thread_blocked, id=10544, stack(0x0000004099b00000,0x0000004099c00000)]

Other Threads:
  0x000001e438a1b800 VMThread "VM Thread" [stack: 0x0000004098e00000,0x0000004098f00000] [id=5300]
  0x000001e439ac3000 WatcherThread [stack: 0x0000004099c00000,0x0000004099d00000] [id=7960]
  0x000001e412c17000 GCTaskThread "GC Thread#0" [stack: 0x0000004098900000,0x0000004098a00000] [id=21520]
  0x000001e43a691000 GCTaskThread "GC Thread#1" [stack: 0x0000004099d00000,0x0000004099e00000] [id=15188]
  0x000001e43a692000 GCTaskThread "GC Thread#2" [stack: 0x0000004099e00000,0x0000004099f00000] [id=16096]
  0x000001e43a693800 GCTaskThread "GC Thread#3" [stack: 0x0000004099f00000,0x000000409a000000] [id=3684]
  0x000001e43a693000 GCTaskThread "GC Thread#4" [stack: 0x000000409a000000,0x000000409a100000] [id=3136]
  0x000001e43a68d800 GCTaskThread "GC Thread#5" [stack: 0x000000409a100000,0x000000409a200000] [id=21224]
  0x000001e412c3b000 ConcurrentGCThread "G1 Main Marker" [stack: 0x0000004098a00000,0x0000004098b00000] [id=22896]
  0x000001e412c3e000 ConcurrentGCThread "G1 Conc#0" [stack: 0x0000004098b00000,0x0000004098c00000] [id=17824]
  0x000001e43890d800 ConcurrentGCThread "G1 Refine#0" [stack: 0x0000004098c00000,0x0000004098d00000] [id=11296]
  0x000001e43890f800 ConcurrentGCThread "G1 Young RemSet Sampling" [stack: 0x0000004098d00000,0x0000004098e00000] [id=2968]

Threads with active compile tasks:

VM state:not at safepoint (normal execution)

VM Mutex/Monitor currently owned by a thread: None

Heap address: 0x0000000701400000, size: 4076 MB, Compressed Oops mode: Zero based, Oop shift amount: 3
Narrow klass base: 0x0000000800000000, Narrow klass shift: 3
Compressed class space size: 1073741824 Address: 0x0000000800b40000

Heap:
 garbage-first heap   total 262144K, used 57234K [0x0000000701400000, 0x0000000800000000)
  region size 1024K, 57 young (58368K), 2 survivors (2048K)
 Metaspace       used 12001K, capacity 12322K, committed 12416K, reserved 1060864K
  class space    used 1280K, capacity 1376K, committed 1408K, reserved 1048576K
Heap Regions: E=young(eden), S=young(survivor), O=old, HS=humongous(starts), HC=humongous(continues), CS=collection set, F=free, A=archive, TAMS=top-at-mark-start (previous, next)
|   0|0x0000000701400000, 0x0000000701400000, 0x0000000701500000|  0%| F|  |TAMS 0x0000000701400000, 0x0000000701400000| Untracked 
|   1|0x0000000701500000, 0x0000000701500000, 0x0000000701600000|  0%| F|  |TAMS 0x0000000701500000, 0x0000000701500000| Untracked 
|   2|0x0000000701600000, 0x0000000701600000, 0x0000000701700000|  0%| F|  |TAMS 0x0000000701600000, 0x0000000701600000| Untracked 
|   3|0x0000000701700000, 0x0000000701700000, 0x0000000701800000|  0%| F|  |TAMS 0x0000000701700000, 0x0000000701700000| Untracked 
|   4|0x0000000701800000, 0x0000000701800000, 0x0000000701900000|  0%| F|  |TAMS 0x0000000701800000, 0x0000000701800000| Untracked 
|   5|0x0000000701900000, 0x0000000701900000, 0x0000000701a00000|  0%| F|  |TAMS 0x0000000701900000, 0x0000000701900000| Untracked 
|   6|0x0000000701a00000, 0x0000000701a00000, 0x0000000701b00000|  0%| F|  |TAMS 0x0000000701a00000, 0x0000000701a00000| Untracked 
|   7|0x0000000701b00000, 0x0000000701b00000, 0x0000000701c00000|  0%| F|  |TAMS 0x0000000701b00000, 0x0000000701b00000| Untracked 
|   8|0x0000000701c00000, 0x0000000701c00000, 0x0000000701d00000|  0%| F|  |TAMS 0x0000000701c00000, 0x0000000701c00000| Untracked 
|   9|0x0000000701d00000, 0x0000000701d00000, 0x0000000701e00000|  0%| F|  |TAMS 0x0000000701d00000, 0x0000000701d00000| Untracked 
|  10|0x0000000701e00000, 0x0000000701e00000, 0x0000000701f00000|  0%| F|  |TAMS 0x0000000701e00000, 0x0000000701e00000| Untracked 
|  11|0x0000000701f00000, 0x0000000701f00000, 0x0000000702000000|  0%| F|  |TAMS 0x0000000701f00000, 0x0000000701f00000| Untracked 
|  12|0x0000000702000000, 0x0000000702000000, 0x0000000702100000|  0%| F|  |TAMS 0x0000000702000000, 0x0000000702000000| Untracked 
|  13|0x0000000702100000, 0x0000000702100000, 0x0000000702200000|  0%| F|  |TAMS 0x0000000702100000, 0x0000000702100000| Untracked 
|  14|0x0000000702200000, 0x0000000702200000, 0x0000000702300000|  0%| F|  |TAMS 0x0000000702200000, 0x0000000702200000| Untracked 
|  15|0x0000000702300000, 0x0000000702300000, 0x0000000702400000|  0%| F|  |TAMS 0x0000000702300000, 0x0000000702300000| Untracked 
|  16|0x0000000702400000, 0x0000000702400000, 0x0000000702500000|  0%| F|  |TAMS 0x0000000702400000, 0x0000000702400000| Untracked 
|  17|0x0000000702500000, 0x0000000702500000, 0x0000000702600000|  0%| F|  |TAMS 0x0000000702500000, 0x0000000702500000| Untracked 
|  18|0x0000000702600000, 0x0000000702600000, 0x0000000702700000|  0%| F|  |TAMS 0x0000000702600000, 0x0000000702600000| Untracked 
|  19|0x0000000702700000, 0x0000000702700000, 0x0000000702800000|  0%| F|  |TAMS 0x0000000702700000, 0x0000000702700000| Untracked 
|  20|0x0000000702800000, 0x0000000702800000, 0x0000000702900000|  0%| F|  |TAMS 0x0000000702800000, 0x0000000702800000| Untracked 
|  21|0x0000000702900000, 0x0000000702900000, 0x0000000702a00000|  0%| F|  |TAMS 0x0000000702900000, 0x0000000702900000| Untracked 
|  22|0x0000000702a00000, 0x0000000702a00000, 0x0000000702b00000|  0%| F|  |TAMS 0x0000000702a00000, 0x0000000702a00000| Untracked 
|  23|0x0000000702b00000, 0x0000000702b00000, 0x0000000702c00000|  0%| F|  |TAMS 0x0000000702b00000, 0x0000000702b00000| Untracked 
|  24|0x0000000702c00000, 0x0000000702c00000, 0x0000000702d00000|  0%| F|  |TAMS 0x0000000702c00000, 0x0000000702c00000| Untracked 
|  25|0x0000000702d00000, 0x0000000702d00000, 0x0000000702e00000|  0%| F|  |TAMS 0x0000000702d00000, 0x0000000702d00000| Untracked 
|  26|0x0000000702e00000, 0x0000000702e00000, 0x0000000702f00000|  0%| F|  |TAMS 0x0000000702e00000, 0x0000000702e00000| Untracked 
|  27|0x0000000702f00000, 0x0000000702f00000, 0x0000000703000000|  0%| F|  |TAMS 0x0000000702f00000, 0x0000000702f00000| Untracked 
|  28|0x0000000703000000, 0x0000000703000000, 0x0000000703100000|  0%| F|  |TAMS 0x0000000703000000, 0x0000000703000000| Untracked 
|  29|0x0000000703100000, 0x0000000703100000, 0x0000000703200000|  0%| F|  |TAMS 0x0000000703100000, 0x0000000703100000| Untracked 
|  30|0x0000000703200000, 0x0000000703200000, 0x0000000703300000|  0%| F|  |TAMS 0x0000000703200000, 0x0000000703200000| Untracked 
|  31|0x0000000703300000, 0x0000000703300000, 0x0000000703400000|  0%| F|  |TAMS 0x0000000703300000, 0x0000000703300000| Untracked 
|  32|0x0000000703400000, 0x0000000703400000, 0x0000000703500000|  0%| F|  |TAMS 0x0000000703400000, 0x0000000703400000| Untracked 
|  33|0x0000000703500000, 0x0000000703500000, 0x0000000703600000|  0%| F|  |TAMS 0x0000000703500000, 0x0000000703500000| Untracked 
|  34|0x0000000703600000, 0x0000000703600000, 0x0000000703700000|  0%| F|  |TAMS 0x0000000703600000, 0x0000000703600000| Untracked 
|  35|0x0000000703700000, 0x0000000703700000, 0x0000000703800000|  0%| F|  |TAMS 0x0000000703700000, 0x0000000703700000| Untracked 
|  36|0x0000000703800000, 0x0000000703800000, 0x0000000703900000|  0%| F|  |TAMS 0x0000000703800000, 0x0000000703800000| Untracked 
|  37|0x0000000703900000, 0x0000000703900000, 0x0000000703a00000|  0%| F|  |TAMS 0x0000000703900000, 0x0000000703900000| Untracked 
|  38|0x0000000703a00000, 0x0000000703a00000, 0x0000000703b00000|  0%| F|  |TAMS 0x0000000703a00000, 0x0000000703a00000| Untracked 
|  39|0x0000000703b00000, 0x0000000703b00000, 0x0000000703c00000|  0%| F|  |TAMS 0x0000000703b00000, 0x0000000703b00000| Untracked 
|  40|0x0000000703c00000, 0x0000000703c00000, 0x0000000703d00000|  0%| F|  |TAMS 0x0000000703c00000, 0x0000000703c00000| Untracked 
|  41|0x0000000703d00000, 0x0000000703d00000, 0x0000000703e00000|  0%| F|  |TAMS 0x0000000703d00000, 0x0000000703d00000| Untracked 
|  42|0x0000000703e00000, 0x0000000703e00000, 0x0000000703f00000|  0%| F|  |TAMS 0x0000000703e00000, 0x0000000703e00000| Untracked 
|  43|0x0000000703f00000, 0x0000000703f00000, 0x0000000704000000|  0%| F|  |TAMS 0x0000000703f00000, 0x0000000703f00000| Untracked 
|  44|0x0000000704000000, 0x0000000704000000, 0x0000000704100000|  0%| F|  |TAMS 0x0000000704000000, 0x0000000704000000| Untracked 
|  45|0x0000000704100000, 0x0000000704100000, 0x0000000704200000|  0%| F|  |TAMS 0x0000000704100000, 0x0000000704100000| Untracked 
|  46|0x0000000704200000, 0x0000000704200000, 0x0000000704300000|  0%| F|  |TAMS 0x0000000704200000, 0x0000000704200000| Untracked 
|  47|0x0000000704300000, 0x0000000704300000, 0x0000000704400000|  0%| F|  |TAMS 0x0000000704300000, 0x0000000704300000| Untracked 
|  48|0x0000000704400000, 0x0000000704400000, 0x0000000704500000|  0%| F|  |TAMS 0x0000000704400000, 0x0000000704400000| Untracked 
|  49|0x0000000704500000, 0x0000000704500000, 0x0000000704600000|  0%| F|  |TAMS 0x0000000704500000, 0x0000000704500000| Untracked 
|  50|0x0000000704600000, 0x0000000704600000, 0x0000000704700000|  0%| F|  |TAMS 0x0000000704600000, 0x0000000704600000| Untracked 
|  51|0x0000000704700000, 0x0000000704700000, 0x0000000704800000|  0%| F|  |TAMS 0x0000000704700000, 0x0000000704700000| Untracked 
|  52|0x0000000704800000, 0x0000000704800000, 0x0000000704900000|  0%| F|  |TAMS 0x0000000704800000, 0x0000000704800000| Untracked 
|  53|0x0000000704900000, 0x0000000704900000, 0x0000000704a00000|  0%| F|  |TAMS 0x0000000704900000, 0x0000000704900000| Untracked 
|  54|0x0000000704a00000, 0x0000000704a00000, 0x0000000704b00000|  0%| F|  |TAMS 0x0000000704a00000, 0x0000000704a00000| Untracked 
|  55|0x0000000704b00000, 0x0000000704b00000, 0x0000000704c00000|  0%| F|  |TAMS 0x0000000704b00000, 0x0000000704b00000| Untracked 
|  56|0x0000000704c00000, 0x0000000704c00000, 0x0000000704d00000|  0%| F|  |TAMS 0x0000000704c00000, 0x0000000704c00000| Untracked 
|  57|0x0000000704d00000, 0x0000000704d00000, 0x0000000704e00000|  0%| F|  |TAMS 0x0000000704d00000, 0x0000000704d00000| Untracked 
|  58|0x0000000704e00000, 0x0000000704e00000, 0x0000000704f00000|  0%| F|  |TAMS 0x0000000704e00000, 0x0000000704e00000| Untracked 
|  59|0x0000000704f00000, 0x0000000704f00000, 0x0000000705000000|  0%| F|  |TAMS 0x0000000704f00000, 0x0000000704f00000| Untracked 
|  60|0x0000000705000000, 0x0000000705000000, 0x0000000705100000|  0%| F|  |TAMS 0x0000000705000000, 0x0000000705000000| Untracked 
|  61|0x0000000705100000, 0x0000000705100000, 0x0000000705200000|  0%| F|  |TAMS 0x0000000705100000, 0x0000000705100000| Untracked 
|  62|0x0000000705200000, 0x0000000705200000, 0x0000000705300000|  0%| F|  |TAMS 0x0000000705200000, 0x0000000705200000| Untracked 
|  63|0x0000000705300000, 0x0000000705300000, 0x0000000705400000|  0%| F|  |TAMS 0x0000000705300000, 0x0000000705300000| Untracked 
|  64|0x0000000705400000, 0x0000000705400000, 0x0000000705500000|  0%| F|  |TAMS 0x0000000705400000, 0x0000000705400000| Untracked 
|  65|0x0000000705500000, 0x0000000705500000, 0x0000000705600000|  0%| F|  |TAMS 0x0000000705500000, 0x0000000705500000| Untracked 
|  66|0x0000000705600000, 0x0000000705600000, 0x0000000705700000|  0%| F|  |TAMS 0x0000000705600000, 0x0000000705600000| Untracked 
|  67|0x0000000705700000, 0x0000000705700000, 0x0000000705800000|  0%| F|  |TAMS 0x0000000705700000, 0x0000000705700000| Untracked 
|  68|0x0000000705800000, 0x0000000705800000, 0x0000000705900000|  0%| F|  |TAMS 0x0000000705800000, 0x0000000705800000| Untracked 
|  69|0x0000000705900000, 0x0000000705900000, 0x0000000705a00000|  0%| F|  |TAMS 0x0000000705900000, 0x0000000705900000| Untracked 
|  70|0x0000000705a00000, 0x0000000705a00000, 0x0000000705b00000|  0%| F|  |TAMS 0x0000000705a00000, 0x0000000705a00000| Untracked 
|  71|0x0000000705b00000, 0x0000000705b00000, 0x0000000705c00000|  0%| F|  |TAMS 0x0000000705b00000, 0x0000000705b00000| Untracked 
|  72|0x0000000705c00000, 0x0000000705c00000, 0x0000000705d00000|  0%| F|  |TAMS 0x0000000705c00000, 0x0000000705c00000| Untracked 
|  73|0x0000000705d00000, 0x0000000705d00000, 0x0000000705e00000|  0%| F|  |TAMS 0x0000000705d00000, 0x0000000705d00000| Untracked 
|  74|0x0000000705e00000, 0x0000000705e00000, 0x0000000705f00000|  0%| F|  |TAMS 0x0000000705e00000, 0x0000000705e00000| Untracked 
|  75|0x0000000705f00000, 0x0000000705f00000, 0x0000000706000000|  0%| F|  |TAMS 0x0000000705f00000, 0x0000000705f00000| Untracked 
|  76|0x0000000706000000, 0x0000000706000000, 0x0000000706100000|  0%| F|  |TAMS 0x0000000706000000, 0x0000000706000000| Untracked 
|  77|0x0000000706100000, 0x0000000706100000, 0x0000000706200000|  0%| F|  |TAMS 0x0000000706100000, 0x0000000706100000| Untracked 
|  78|0x0000000706200000, 0x0000000706200000, 0x0000000706300000|  0%| F|  |TAMS 0x0000000706200000, 0x0000000706200000| Untracked 
|  79|0x0000000706300000, 0x0000000706300000, 0x0000000706400000|  0%| F|  |TAMS 0x0000000706300000, 0x0000000706300000| Untracked 
|  80|0x0000000706400000, 0x0000000706400000, 0x0000000706500000|  0%| F|  |TAMS 0x0000000706400000, 0x0000000706400000| Untracked 
|  81|0x0000000706500000, 0x0000000706500000, 0x0000000706600000|  0%| F|  |TAMS 0x0000000706500000, 0x0000000706500000| Untracked 
|  82|0x0000000706600000, 0x0000000706600000, 0x0000000706700000|  0%| F|  |TAMS 0x0000000706600000, 0x0000000706600000| Untracked 
|  83|0x0000000706700000, 0x0000000706700000, 0x0000000706800000|  0%| F|  |TAMS 0x0000000706700000, 0x0000000706700000| Untracked 
|  84|0x0000000706800000, 0x0000000706800000, 0x0000000706900000|  0%| F|  |TAMS 0x0000000706800000, 0x0000000706800000| Untracked 
|  85|0x0000000706900000, 0x0000000706900000, 0x0000000706a00000|  0%| F|  |TAMS 0x0000000706900000, 0x0000000706900000| Untracked 
|  86|0x0000000706a00000, 0x0000000706a00000, 0x0000000706b00000|  0%| F|  |TAMS 0x0000000706a00000, 0x0000000706a00000| Untracked 
|  87|0x0000000706b00000, 0x0000000706b00000, 0x0000000706c00000|  0%| F|  |TAMS 0x0000000706b00000, 0x0000000706b00000| Untracked 
|  88|0x0000000706c00000, 0x0000000706c00000, 0x0000000706d00000|  0%| F|  |TAMS 0x0000000706c00000, 0x0000000706c00000| Untracked 
|  89|0x0000000706d00000, 0x0000000706d00000, 0x0000000706e00000|  0%| F|  |TAMS 0x0000000706d00000, 0x0000000706d00000| Untracked 
|  90|0x0000000706e00000, 0x0000000706e00000, 0x0000000706f00000|  0%| F|  |TAMS 0x0000000706e00000, 0x0000000706e00000| Untracked 
|  91|0x0000000706f00000, 0x0000000706f00000, 0x0000000707000000|  0%| F|  |TAMS 0x0000000706f00000, 0x0000000706f00000| Untracked 
|  92|0x0000000707000000, 0x0000000707000000, 0x0000000707100000|  0%| F|  |TAMS 0x0000000707000000, 0x0000000707000000| Untracked 
|  93|0x0000000707100000, 0x0000000707100000, 0x0000000707200000|  0%| F|  |TAMS 0x0000000707100000, 0x0000000707100000| Untracked 
|  94|0x0000000707200000, 0x0000000707200000, 0x0000000707300000|  0%| F|  |TAMS 0x0000000707200000, 0x0000000707200000| Untracked 
|  95|0x0000000707300000, 0x0000000707300000, 0x0000000707400000|  0%| F|  |TAMS 0x0000000707300000, 0x0000000707300000| Untracked 
|  96|0x0000000707400000, 0x0000000707400000, 0x0000000707500000|  0%| F|  |TAMS 0x0000000707400000, 0x0000000707400000| Untracked 
|  97|0x0000000707500000, 0x0000000707500000, 0x0000000707600000|  0%| F|  |TAMS 0x0000000707500000, 0x0000000707500000| Untracked 
|  98|0x0000000707600000, 0x0000000707600000, 0x0000000707700000|  0%| F|  |TAMS 0x0000000707600000, 0x0000000707600000| Untracked 
|  99|0x0000000707700000, 0x0000000707700000, 0x0000000707800000|  0%| F|  |TAMS 0x0000000707700000, 0x0000000707700000| Untracked 
| 100|0x0000000707800000, 0x0000000707800000, 0x0000000707900000|  0%| F|  |TAMS 0x0000000707800000, 0x0000000707800000| Untracked 
| 101|0x0000000707900000, 0x0000000707900000, 0x0000000707a00000|  0%| F|  |TAMS 0x0000000707900000, 0x0000000707900000| Untracked 
| 102|0x0000000707a00000, 0x0000000707a00000, 0x0000000707b00000|  0%| F|  |TAMS 0x0000000707a00000, 0x0000000707a00000| Untracked 
| 103|0x0000000707b00000, 0x0000000707b00000, 0x0000000707c00000|  0%| F|  |TAMS 0x0000000707b00000, 0x0000000707b00000| Untracked 
| 104|0x0000000707c00000, 0x0000000707c00000, 0x0000000707d00000|  0%| F|  |TAMS 0x0000000707c00000, 0x0000000707c00000| Untracked 
| 105|0x0000000707d00000, 0x0000000707d00000, 0x0000000707e00000|  0%| F|  |TAMS 0x0000000707d00000, 0x0000000707d00000| Untracked 
| 106|0x0000000707e00000, 0x0000000707e00000, 0x0000000707f00000|  0%| F|  |TAMS 0x0000000707e00000, 0x0000000707e00000| Untracked 
| 107|0x0000000707f00000, 0x0000000707f00000, 0x0000000708000000|  0%| F|  |TAMS 0x0000000707f00000, 0x0000000707f00000| Untracked 
| 108|0x0000000708000000, 0x0000000708000000, 0x0000000708100000|  0%| F|  |TAMS 0x0000000708000000, 0x0000000708000000| Untracked 
| 109|0x0000000708100000, 0x0000000708100000, 0x0000000708200000|  0%| F|  |TAMS 0x0000000708100000, 0x0000000708100000| Untracked 
| 110|0x0000000708200000, 0x0000000708200000, 0x0000000708300000|  0%| F|  |TAMS 0x0000000708200000, 0x0000000708200000| Untracked 
| 111|0x0000000708300000, 0x0000000708300000, 0x0000000708400000|  0%| F|  |TAMS 0x0000000708300000, 0x0000000708300000| Untracked 
| 112|0x0000000708400000, 0x0000000708400000, 0x0000000708500000|  0%| F|  |TAMS 0x0000000708400000, 0x0000000708400000| Untracked 
| 113|0x0000000708500000, 0x0000000708500000, 0x0000000708600000|  0%| F|  |TAMS 0x0000000708500000, 0x0000000708500000| Untracked 
| 114|0x0000000708600000, 0x0000000708600000, 0x0000000708700000|  0%| F|  |TAMS 0x0000000708600000, 0x0000000708600000| Untracked 
| 115|0x0000000708700000, 0x0000000708700000, 0x0000000708800000|  0%| F|  |TAMS 0x0000000708700000, 0x0000000708700000| Untracked 
| 116|0x0000000708800000, 0x0000000708800000, 0x0000000708900000|  0%| F|  |TAMS 0x0000000708800000, 0x0000000708800000| Untracked 
| 117|0x0000000708900000, 0x0000000708900000, 0x0000000708a00000|  0%| F|  |TAMS 0x0000000708900000, 0x0000000708900000| Untracked 
| 118|0x0000000708a00000, 0x0000000708a00000, 0x0000000708b00000|  0%| F|  |TAMS 0x0000000708a00000, 0x0000000708a00000| Untracked 
| 119|0x0000000708b00000, 0x0000000708b00000, 0x0000000708c00000|  0%| F|  |TAMS 0x0000000708b00000, 0x0000000708b00000| Untracked 
| 120|0x0000000708c00000, 0x0000000708c00000, 0x0000000708d00000|  0%| F|  |TAMS 0x0000000708c00000, 0x0000000708c00000| Untracked 
| 121|0x0000000708d00000, 0x0000000708d00000, 0x0000000708e00000|  0%| F|  |TAMS 0x0000000708d00000, 0x0000000708d00000| Untracked 
| 122|0x0000000708e00000, 0x0000000708e00000, 0x0000000708f00000|  0%| F|  |TAMS 0x0000000708e00000, 0x0000000708e00000| Untracked 
| 123|0x0000000708f00000, 0x0000000708f00000, 0x0000000709000000|  0%| F|  |TAMS 0x0000000708f00000, 0x0000000708f00000| Untracked 
| 124|0x0000000709000000, 0x0000000709000000, 0x0000000709100000|  0%| F|  |TAMS 0x0000000709000000, 0x0000000709000000| Untracked 
| 125|0x0000000709100000, 0x0000000709100000, 0x0000000709200000|  0%| F|  |TAMS 0x0000000709100000, 0x0000000709100000| Untracked 
| 126|0x0000000709200000, 0x0000000709200000, 0x0000000709300000|  0%| F|  |TAMS 0x0000000709200000, 0x0000000709200000| Untracked 
| 127|0x0000000709300000, 0x0000000709300000, 0x0000000709400000|  0%| F|  |TAMS 0x0000000709300000, 0x0000000709300000| Untracked 
| 128|0x0000000709400000, 0x0000000709400000, 0x0000000709500000|  0%| F|  |TAMS 0x0000000709400000, 0x0000000709400000| Untracked 
| 129|0x0000000709500000, 0x0000000709500000, 0x0000000709600000|  0%| F|  |TAMS 0x0000000709500000, 0x0000000709500000| Untracked 
| 130|0x0000000709600000, 0x0000000709600000, 0x0000000709700000|  0%| F|  |TAMS 0x0000000709600000, 0x0000000709600000| Untracked 
| 131|0x0000000709700000, 0x0000000709700000, 0x0000000709800000|  0%| F|  |TAMS 0x0000000709700000, 0x0000000709700000| Untracked 
| 132|0x0000000709800000, 0x0000000709800000, 0x0000000709900000|  0%| F|  |TAMS 0x0000000709800000, 0x0000000709800000| Untracked 
| 133|0x0000000709900000, 0x0000000709900000, 0x0000000709a00000|  0%| F|  |TAMS 0x0000000709900000, 0x0000000709900000| Untracked 
| 134|0x0000000709a00000, 0x0000000709a00000, 0x0000000709b00000|  0%| F|  |TAMS 0x0000000709a00000, 0x0000000709a00000| Untracked 
| 135|0x0000000709b00000, 0x0000000709b00000, 0x0000000709c00000|  0%| F|  |TAMS 0x0000000709b00000, 0x0000000709b00000| Untracked 
| 136|0x0000000709c00000, 0x0000000709c00000, 0x0000000709d00000|  0%| F|  |TAMS 0x0000000709c00000, 0x0000000709c00000| Untracked 
| 137|0x0000000709d00000, 0x0000000709d00000, 0x0000000709e00000|  0%| F|  |TAMS 0x0000000709d00000, 0x0000000709d00000| Untracked 
| 138|0x0000000709e00000, 0x0000000709e00000, 0x0000000709f00000|  0%| F|  |TAMS 0x0000000709e00000, 0x0000000709e00000| Untracked 
| 139|0x0000000709f00000, 0x0000000709f00000, 0x000000070a000000|  0%| F|  |TAMS 0x0000000709f00000, 0x0000000709f00000| Untracked 
| 140|0x000000070a000000, 0x000000070a000000, 0x000000070a100000|  0%| F|  |TAMS 0x000000070a000000, 0x000000070a000000| Untracked 
| 141|0x000000070a100000, 0x000000070a100000, 0x000000070a200000|  0%| F|  |TAMS 0x000000070a100000, 0x000000070a100000| Untracked 
| 142|0x000000070a200000, 0x000000070a200000, 0x000000070a300000|  0%| F|  |TAMS 0x000000070a200000, 0x000000070a200000| Untracked 
| 143|0x000000070a300000, 0x000000070a300000, 0x000000070a400000|  0%| F|  |TAMS 0x000000070a300000, 0x000000070a300000| Untracked 
| 144|0x000000070a400000, 0x000000070a400000, 0x000000070a500000|  0%| F|  |TAMS 0x000000070a400000, 0x000000070a400000| Untracked 
| 145|0x000000070a500000, 0x000000070a500000, 0x000000070a600000|  0%| F|  |TAMS 0x000000070a500000, 0x000000070a500000| Untracked 
| 146|0x000000070a600000, 0x000000070a600000, 0x000000070a700000|  0%| F|  |TAMS 0x000000070a600000, 0x000000070a600000| Untracked 
| 147|0x000000070a700000, 0x000000070a700000, 0x000000070a800000|  0%| F|  |TAMS 0x000000070a700000, 0x000000070a700000| Untracked 
| 148|0x000000070a800000, 0x000000070a800000, 0x000000070a900000|  0%| F|  |TAMS 0x000000070a800000, 0x000000070a800000| Untracked 
| 149|0x000000070a900000, 0x000000070a900000, 0x000000070aa00000|  0%| F|  |TAMS 0x000000070a900000, 0x000000070a900000| Untracked 
| 150|0x000000070aa00000, 0x000000070aa00000, 0x000000070ab00000|  0%| F|  |TAMS 0x000000070aa00000, 0x000000070aa00000| Untracked 
| 151|0x000000070ab00000, 0x000000070ab00000, 0x000000070ac00000|  0%| F|  |TAMS 0x000000070ab00000, 0x000000070ab00000| Untracked 
| 152|0x000000070ac00000, 0x000000070ac00000, 0x000000070ad00000|  0%| F|  |TAMS 0x000000070ac00000, 0x000000070ac00000| Untracked 
| 153|0x000000070ad00000, 0x000000070ad00000, 0x000000070ae00000|  0%| F|  |TAMS 0x000000070ad00000, 0x000000070ad00000| Untracked 
| 154|0x000000070ae00000, 0x000000070ae00000, 0x000000070af00000|  0%| F|  |TAMS 0x000000070ae00000, 0x000000070ae00000| Untracked 
| 155|0x000000070af00000, 0x000000070af00000, 0x000000070b000000|  0%| F|  |TAMS 0x000000070af00000, 0x000000070af00000| Untracked 
| 156|0x000000070b000000, 0x000000070b000000, 0x000000070b100000|  0%| F|  |TAMS 0x000000070b000000, 0x000000070b000000| Untracked 
| 157|0x000000070b100000, 0x000000070b100000, 0x000000070b200000|  0%| F|  |TAMS 0x000000070b100000, 0x000000070b100000| Untracked 
| 158|0x000000070b200000, 0x000000070b200000, 0x000000070b300000|  0%| F|  |TAMS 0x000000070b200000, 0x000000070b200000| Untracked 
| 159|0x000000070b300000, 0x000000070b300000, 0x000000070b400000|  0%| F|  |TAMS 0x000000070b300000, 0x000000070b300000| Untracked 
| 160|0x000000070b400000, 0x000000070b400000, 0x000000070b500000|  0%| F|  |TAMS 0x000000070b400000, 0x000000070b400000| Untracked 
| 161|0x000000070b500000, 0x000000070b500000, 0x000000070b600000|  0%| F|  |TAMS 0x000000070b500000, 0x000000070b500000| Untracked 
| 162|0x000000070b600000, 0x000000070b600000, 0x000000070b700000|  0%| F|  |TAMS 0x000000070b600000, 0x000000070b600000| Untracked 
| 163|0x000000070b700000, 0x000000070b700000, 0x000000070b800000|  0%| F|  |TAMS 0x000000070b700000, 0x000000070b700000| Untracked 
| 164|0x000000070b800000, 0x000000070b800000, 0x000000070b900000|  0%| F|  |TAMS 0x000000070b800000, 0x000000070b800000| Untracked 
| 165|0x000000070b900000, 0x000000070b900000, 0x000000070ba00000|  0%| F|  |TAMS 0x000000070b900000, 0x000000070b900000| Untracked 
| 166|0x000000070ba00000, 0x000000070ba00000, 0x000000070bb00000|  0%| F|  |TAMS 0x000000070ba00000, 0x000000070ba00000| Untracked 
| 167|0x000000070bb00000, 0x000000070bb00000, 0x000000070bc00000|  0%| F|  |TAMS 0x000000070bb00000, 0x000000070bb00000| Untracked 
| 168|0x000000070bc00000, 0x000000070bc00000, 0x000000070bd00000|  0%| F|  |TAMS 0x000000070bc00000, 0x000000070bc00000| Untracked 
| 169|0x000000070bd00000, 0x000000070bd00000, 0x000000070be00000|  0%| F|  |TAMS 0x000000070bd00000, 0x000000070bd00000| Untracked 
| 170|0x000000070be00000, 0x000000070be00000, 0x000000070bf00000|  0%| F|  |TAMS 0x000000070be00000, 0x000000070be00000| Untracked 
| 171|0x000000070bf00000, 0x000000070bf00000, 0x000000070c000000|  0%| F|  |TAMS 0x000000070bf00000, 0x000000070bf00000| Untracked 
| 172|0x000000070c000000, 0x000000070c000000, 0x000000070c100000|  0%| F|  |TAMS 0x000000070c000000, 0x000000070c000000| Untracked 
| 173|0x000000070c100000, 0x000000070c100000, 0x000000070c200000|  0%| F|  |TAMS 0x000000070c100000, 0x000000070c100000| Untracked 
| 174|0x000000070c200000, 0x000000070c200000, 0x000000070c300000|  0%| F|  |TAMS 0x000000070c200000, 0x000000070c200000| Untracked 
| 175|0x000000070c300000, 0x000000070c300000, 0x000000070c400000|  0%| F|  |TAMS 0x000000070c300000, 0x000000070c300000| Untracked 
| 176|0x000000070c400000, 0x000000070c400000, 0x000000070c500000|  0%| F|  |TAMS 0x000000070c400000, 0x000000070c400000| Untracked 
| 177|0x000000070c500000, 0x000000070c500000, 0x000000070c600000|  0%| F|  |TAMS 0x000000070c500000, 0x000000070c500000| Untracked 
| 178|0x000000070c600000, 0x000000070c600000, 0x000000070c700000|  0%| F|  |TAMS 0x000000070c600000, 0x000000070c600000| Untracked 
| 179|0x000000070c700000, 0x000000070c700000, 0x000000070c800000|  0%| F|  |TAMS 0x000000070c700000, 0x000000070c700000| Untracked 
| 180|0x000000070c800000, 0x000000070c800000, 0x000000070c900000|  0%| F|  |TAMS 0x000000070c800000, 0x000000070c800000| Untracked 
| 181|0x000000070c900000, 0x000000070c900000, 0x000000070ca00000|  0%| F|  |TAMS 0x000000070c900000, 0x000000070c900000| Untracked 
| 182|0x000000070ca00000, 0x000000070ca00000, 0x000000070cb00000|  0%| F|  |TAMS 0x000000070ca00000, 0x000000070ca00000| Untracked 
| 183|0x000000070cb00000, 0x000000070cb00000, 0x000000070cc00000|  0%| F|  |TAMS 0x000000070cb00000, 0x000000070cb00000| Untracked 
| 184|0x000000070cc00000, 0x000000070cc00000, 0x000000070cd00000|  0%| F|  |TAMS 0x000000070cc00000, 0x000000070cc00000| Untracked 
| 185|0x000000070cd00000, 0x000000070cd00000, 0x000000070ce00000|  0%| F|  |TAMS 0x000000070cd00000, 0x000000070cd00000| Untracked 
| 186|0x000000070ce00000, 0x000000070ce00000, 0x000000070cf00000|  0%| F|  |TAMS 0x000000070ce00000, 0x000000070ce00000| Untracked 
| 187|0x000000070cf00000, 0x000000070cf00000, 0x000000070d000000|  0%| F|  |TAMS 0x000000070cf00000, 0x000000070cf00000| Untracked 
| 188|0x000000070d000000, 0x000000070d000000, 0x000000070d100000|  0%| F|  |TAMS 0x000000070d000000, 0x000000070d000000| Untracked 
| 189|0x000000070d100000, 0x000000070d100000, 0x000000070d200000|  0%| F|  |TAMS 0x000000070d100000, 0x000000070d100000| Untracked 
| 190|0x000000070d200000, 0x000000070d200000, 0x000000070d300000|  0%| F|  |TAMS 0x000000070d200000, 0x000000070d200000| Untracked 
| 191|0x000000070d300000, 0x000000070d300000, 0x000000070d400000|  0%| F|  |TAMS 0x000000070d300000, 0x000000070d300000| Untracked 
| 192|0x000000070d400000, 0x000000070d400000, 0x000000070d500000|  0%| F|  |TAMS 0x000000070d400000, 0x000000070d400000| Untracked 
| 193|0x000000070d500000, 0x000000070d500000, 0x000000070d600000|  0%| F|  |TAMS 0x000000070d500000, 0x000000070d500000| Untracked 
| 194|0x000000070d600000, 0x000000070d600000, 0x000000070d700000|  0%| F|  |TAMS 0x000000070d600000, 0x000000070d600000| Untracked 
| 195|0x000000070d700000, 0x000000070d700000, 0x000000070d800000|  0%| F|  |TAMS 0x000000070d700000, 0x000000070d700000| Untracked 
| 196|0x000000070d800000, 0x000000070d800000, 0x000000070d900000|  0%| F|  |TAMS 0x000000070d800000, 0x000000070d800000| Untracked 
| 197|0x000000070d900000, 0x000000070d900000, 0x000000070da00000|  0%| F|  |TAMS 0x000000070d900000, 0x000000070d900000| Untracked 
| 198|0x000000070da00000, 0x000000070da00000, 0x000000070db00000|  0%| F|  |TAMS 0x000000070da00000, 0x000000070da00000| Untracked 
| 199|0x000000070db00000, 0x000000070db80800, 0x000000070dc00000| 50%| E|  |TAMS 0x000000070db00000, 0x000000070db00000| Complete 
| 200|0x000000070dc00000, 0x000000070dd00000, 0x000000070dd00000|100%| E|CS|TAMS 0x000000070dc00000, 0x000000070dc00000| Complete 
| 201|0x000000070dd00000, 0x000000070de00000, 0x000000070de00000|100%| E|CS|TAMS 0x000000070dd00000, 0x000000070dd00000| Complete 
| 202|0x000000070de00000, 0x000000070df00000, 0x000000070df00000|100%| E|CS|TAMS 0x000000070de00000, 0x000000070de00000| Complete 
| 203|0x000000070df00000, 0x000000070e000000, 0x000000070e000000|100%| E|CS|TAMS 0x000000070df00000, 0x000000070df00000| Complete 
| 204|0x000000070e000000, 0x000000070e100000, 0x000000070e100000|100%| E|CS|TAMS 0x000000070e000000, 0x000000070e000000| Complete 
| 205|0x000000070e100000, 0x000000070e200000, 0x000000070e200000|100%| E|CS|TAMS 0x000000070e100000, 0x000000070e100000| Complete 
| 206|0x000000070e200000, 0x000000070e300000, 0x000000070e300000|100%| E|CS|TAMS 0x000000070e200000, 0x000000070e200000| Complete 
| 207|0x000000070e300000, 0x000000070e400000, 0x000000070e400000|100%| E|CS|TAMS 0x000000070e300000, 0x000000070e300000| Complete 
| 208|0x000000070e400000, 0x000000070e500000, 0x000000070e500000|100%| E|CS|TAMS 0x000000070e400000, 0x000000070e400000| Complete 
| 209|0x000000070e500000, 0x000000070e600000, 0x000000070e600000|100%| E|CS|TAMS 0x000000070e500000, 0x000000070e500000| Complete 
| 210|0x000000070e600000, 0x000000070e700000, 0x000000070e700000|100%| E|CS|TAMS 0x000000070e600000, 0x000000070e600000| Complete 
| 211|0x000000070e700000, 0x000000070e800000, 0x000000070e800000|100%| E|CS|TAMS 0x000000070e700000, 0x000000070e700000| Complete 
| 212|0x000000070e800000, 0x000000070e900000, 0x000000070e900000|100%| E|CS|TAMS 0x000000070e800000, 0x000000070e800000| Complete 
| 213|0x000000070e900000, 0x000000070ea00000, 0x000000070ea00000|100%| E|CS|TAMS 0x000000070e900000, 0x000000070e900000| Complete 
| 214|0x000000070ea00000, 0x000000070eb00000, 0x000000070eb00000|100%| E|CS|TAMS 0x000000070ea00000, 0x000000070ea00000| Complete 
| 215|0x000000070eb00000, 0x000000070ec00000, 0x000000070ec00000|100%| E|CS|TAMS 0x000000070eb00000, 0x000000070eb00000| Complete 
| 216|0x000000070ec00000, 0x000000070ed00000, 0x000000070ed00000|100%| E|CS|TAMS 0x000000070ec00000, 0x000000070ec00000| Complete 
| 217|0x000000070ed00000, 0x000000070ee00000, 0x000000070ee00000|100%| E|CS|TAMS 0x000000070ed00000, 0x000000070ed00000| Complete 
| 218|0x000000070ee00000, 0x000000070ef00000, 0x000000070ef00000|100%| E|CS|TAMS 0x000000070ee00000, 0x000000070ee00000| Complete 
| 219|0x000000070ef00000, 0x000000070f000000, 0x000000070f000000|100%| E|CS|TAMS 0x000000070ef00000, 0x000000070ef00000| Complete 
| 220|0x000000070f000000, 0x000000070f100000, 0x000000070f100000|100%| E|CS|TAMS 0x000000070f000000, 0x000000070f000000| Complete 
| 221|0x000000070f100000, 0x000000070f200000, 0x000000070f200000|100%| E|CS|TAMS 0x000000070f100000, 0x000000070f100000| Complete 
| 222|0x000000070f200000, 0x000000070f300000, 0x000000070f300000|100%| E|CS|TAMS 0x000000070f200000, 0x000000070f200000| Complete 
| 223|0x000000070f300000, 0x000000070f400000, 0x000000070f400000|100%| E|CS|TAMS 0x000000070f300000, 0x000000070f300000| Complete 
| 224|0x000000070f400000, 0x000000070f500000, 0x000000070f500000|100%| E|CS|TAMS 0x000000070f400000, 0x000000070f400000| Complete 
| 225|0x000000070f500000, 0x000000070f600000, 0x000000070f600000|100%| E|CS|TAMS 0x000000070f500000, 0x000000070f500000| Complete 
| 226|0x000000070f600000, 0x000000070f700000, 0x000000070f700000|100%| E|CS|TAMS 0x000000070f600000, 0x000000070f600000| Complete 
| 227|0x000000070f700000, 0x000000070f800000, 0x000000070f800000|100%| E|CS|TAMS 0x000000070f700000, 0x000000070f700000| Complete 
| 228|0x000000070f800000, 0x000000070f900000, 0x000000070f900000|100%| E|CS|TAMS 0x000000070f800000, 0x000000070f800000| Complete 
| 229|0x000000070f900000, 0x000000070fa00000, 0x000000070fa00000|100%| E|CS|TAMS 0x000000070f900000, 0x000000070f900000| Complete 
| 230|0x000000070fa00000, 0x000000070fae49e0, 0x000000070fb00000| 89%| S|CS|TAMS 0x000000070fa00000, 0x000000070fa00000| Complete 
| 231|0x000000070fb00000, 0x000000070fc00000, 0x000000070fc00000|100%| S|CS|TAMS 0x000000070fb00000, 0x000000070fb00000| Complete 
| 232|0x000000070fc00000, 0x000000070fd00000, 0x000000070fd00000|100%| E|CS|TAMS 0x000000070fc00000, 0x000000070fc00000| Complete 
| 233|0x000000070fd00000, 0x000000070fe00000, 0x000000070fe00000|100%| E|CS|TAMS 0x000000070fd00000, 0x000000070fd00000| Complete 
| 234|0x000000070fe00000, 0x000000070ff00000, 0x000000070ff00000|100%| E|CS|TAMS 0x000000070fe00000, 0x000000070fe00000| Complete 
| 235|0x000000070ff00000, 0x0000000710000000, 0x0000000710000000|100%| E|CS|TAMS 0x000000070ff00000, 0x000000070ff00000| Complete 
| 236|0x0000000710000000, 0x0000000710100000, 0x0000000710100000|100%| E|CS|TAMS 0x0000000710000000, 0x0000000710000000| Complete 
| 237|0x0000000710100000, 0x0000000710200000, 0x0000000710200000|100%| E|CS|TAMS 0x0000000710100000, 0x0000000710100000| Complete 
| 238|0x0000000710200000, 0x0000000710300000, 0x0000000710300000|100%| E|CS|TAMS 0x0000000710200000, 0x0000000710200000| Complete 
| 239|0x0000000710300000, 0x0000000710400000, 0x0000000710400000|100%| E|CS|TAMS 0x0000000710300000, 0x0000000710300000| Complete 
| 240|0x0000000710400000, 0x0000000710500000, 0x0000000710500000|100%| E|CS|TAMS 0x0000000710400000, 0x0000000710400000| Complete 
| 241|0x0000000710500000, 0x0000000710600000, 0x0000000710600000|100%| E|CS|TAMS 0x0000000710500000, 0x0000000710500000| Complete 
| 242|0x0000000710600000, 0x0000000710700000, 0x0000000710700000|100%| E|CS|TAMS 0x0000000710600000, 0x0000000710600000| Complete 
| 243|0x0000000710700000, 0x0000000710800000, 0x0000000710800000|100%| E|CS|TAMS 0x0000000710700000, 0x0000000710700000| Complete 
| 244|0x0000000710800000, 0x0000000710900000, 0x0000000710900000|100%| E|CS|TAMS 0x0000000710800000, 0x0000000710800000| Complete 
| 245|0x0000000710900000, 0x0000000710a00000, 0x0000000710a00000|100%| E|CS|TAMS 0x0000000710900000, 0x0000000710900000| Complete 
| 246|0x0000000710a00000, 0x0000000710b00000, 0x0000000710b00000|100%| E|CS|TAMS 0x0000000710a00000, 0x0000000710a00000| Complete 
| 247|0x0000000710b00000, 0x0000000710c00000, 0x0000000710c00000|100%| E|CS|TAMS 0x0000000710b00000, 0x0000000710b00000| Complete 
| 248|0x0000000710c00000, 0x0000000710d00000, 0x0000000710d00000|100%| E|CS|TAMS 0x0000000710c00000, 0x0000000710c00000| Complete 
| 249|0x0000000710d00000, 0x0000000710e00000, 0x0000000710e00000|100%| E|CS|TAMS 0x0000000710d00000, 0x0000000710d00000| Complete 
| 250|0x0000000710e00000, 0x0000000710f00000, 0x0000000710f00000|100%| E|CS|TAMS 0x0000000710e00000, 0x0000000710e00000| Complete 
| 251|0x0000000710f00000, 0x0000000711000000, 0x0000000711000000|100%| E|CS|TAMS 0x0000000710f00000, 0x0000000710f00000| Complete 
| 252|0x0000000711000000, 0x0000000711100000, 0x0000000711100000|100%| E|CS|TAMS 0x0000000711000000, 0x0000000711000000| Complete 
| 253|0x0000000711100000, 0x0000000711200000, 0x0000000711200000|100%| E|CS|TAMS 0x0000000711100000, 0x0000000711100000| Complete 
| 254|0x0000000711200000, 0x0000000711300000, 0x0000000711300000|100%| E|CS|TAMS 0x0000000711200000, 0x0000000711200000| Complete 
| 255|0x0000000711300000, 0x0000000711400000, 0x0000000711400000|100%| E|CS|TAMS 0x0000000711300000, 0x0000000711300000| Complete 

Card table byte_map: [0x000001e42cd10000,0x000001e42d510000] _byte_map_base: 0x000001e429506000

Marking Bits (Prev, Next): (CMBitMap*) 0x000001e412c17d28, (CMBitMap*) 0x000001e412c17d68
 Prev Bits: [0x000001e42dd10000, 0x000001e431cc0000)
 Next Bits: [0x000001e431cc0000, 0x000001e435c70000)

Polling page: 0x000001e414430000

Metaspace:

Usage:
  Non-class:     10.69 MB capacity,    10.47 MB ( 98%) used,   201.88 KB (  2%) free+waste,    22.81 KB ( <1%) overhead. 
      Class:      1.34 MB capacity,     1.25 MB ( 93%) used,    85.05 KB (  6%) free+waste,    10.94 KB ( <1%) overhead. 
       Both:     12.03 MB capacity,    11.72 MB ( 97%) used,   286.94 KB (  2%) free+waste,    33.75 KB ( <1%) overhead. 

Virtual space:
  Non-class space:       12.00 MB reserved,      10.75 MB ( 90%) committed 
      Class space:        1.00 GB reserved,       1.38 MB ( <1%) committed 
             Both:        1.01 GB reserved,      12.13 MB (  1%) committed 

Chunk freelists:
   Non-Class:  2.00 KB
       Class:  0 bytes
        Both:  2.00 KB

MaxMetaspaceSize: 17179869184.00 GB
CompressedClassSpaceSize: 1.00 GB

CodeHeap 'non-profiled nmethods': size=120000Kb used=1100Kb max_used=1102Kb free=118899Kb
 bounds [0x000001e424350000, 0x000001e4245c0000, 0x000001e42b880000]
CodeHeap 'profiled nmethods': size=120000Kb used=3346Kb max_used=4287Kb free=116653Kb
 bounds [0x000001e41ce20000, 0x000001e41d250000, 0x000001e424350000]
CodeHeap 'non-nmethods': size=5760Kb used=1329Kb max_used=1429Kb free=4430Kb
 bounds [0x000001e41c880000, 0x000001e41caf0000, 0x000001e41ce20000]
 total_blobs=3116 nmethods=1523 adapters=434
 compilation: enabled
              stopped_count=0, restarted_count=0
 full_count=0

Compilation events (20 events):
Event: 5.188 Thread 0x000001e4392cd000 nmethod 1794 0x000001e41d24c710 code [0x000001e41d24c940, 0x000001e41d24d390]
Event: 5.188 Thread 0x000001e4392cd000 1795       3       sun.nio.ch.Util$BufferCache::next (8 bytes)
Event: 5.188 Thread 0x000001e4392cd000 nmethod 1795 0x000001e41d24d690 code [0x000001e41d24d840, 0x000001e41d24d9f8]
Event: 5.189 Thread 0x000001e4392c7000 nmethod 1793 0x000001e424461390 code [0x000001e424461520, 0x000001e424461778]
Event: 5.232 Thread 0x000001e4392cd000 1796       3       sun.nio.ch.Util::getTemporaryDirectBuffer (55 bytes)
Event: 5.232 Thread 0x000001e4392cd000 nmethod 1796 0x000001e41d24da90 code [0x000001e41d24dd00, 0x000001e41d24e7f0]
Event: 5.232 Thread 0x000001e4392cd000 1797       3       sun.nio.ch.Util$BufferCache::get (164 bytes)
Event: 5.233 Thread 0x000001e4392cd000 nmethod 1797 0x000001e41d24eb90 code [0x000001e41d24edc0, 0x000001e41d24f8c0]
Event: 292.595 Thread 0x000001e4392c7000 1798       4       org.eclipse.jdt.launching.internal.org.objectweb.asm.MethodWriter::visitTypeInsn (116 bytes)
Event: 292.604 Thread 0x000001e4392c7000 nmethod 1798 0x000001e424461910 code [0x000001e424461ac0, 0x000001e424461f18]
Event: 1499.341 Thread 0x000001e4392c7000 1799       4       org.eclipse.jdt.launching.internal.org.objectweb.asm.ClassReader::readStackMapFrame (535 bytes)
Event: 1499.352 Thread 0x000001e4392c7000 nmethod 1799 0x000001e424462290 code [0x000001e424462480, 0x000001e424463340]
Event: 2295.558 Thread 0x000001e4392c7000 1800       4       org.eclipse.jdt.launching.internal.org.objectweb.asm.MethodWriter::visitFrame (811 bytes)
Event: 2295.635 Thread 0x000001e4392c7000 nmethod 1800 0x000001e424432c10 code [0x000001e424433140, 0x000001e424436e50]
Event: 2375.156 Thread 0x000001e4392c7000 1801 %     4       org.eclipse.jdt.launching.internal.org.objectweb.asm.ClassReader::readCode @ 2015 (5089 bytes)
Event: 2375.596 Thread 0x000001e4392c7000 nmethod 1801% 0x000001e424463a90 code [0x000001e4244641e0, 0x000001e424478298]
Event: 3218.774 Thread 0x000001e4392c7000 1802       4       org.eclipse.jdt.launching.internal.org.objectweb.asm.ClassReader::readCode (5089 bytes)
Event: 3219.366 Thread 0x000001e4392c7000 nmethod 1802 0x000001e424419e90 code [0x000001e42441a7e0, 0x000001e424428fe0]
Event: 4800.455 Thread 0x000001e4392cd000 1803       3       java.lang.ref.ReferenceQueue::reallyPoll (65 bytes)
Event: 4800.456 Thread 0x000001e4392cd000 nmethod 1803 0x000001e41ce27e90 code [0x000001e41ce28060, 0x000001e41ce28618]

GC Heap History (2 events):
Event: 0.401 GC heap before
{Heap before GC invocations=0 (full 0):
 garbage-first heap   total 262144K, used 23552K [0x0000000701400000, 0x0000000800000000)
  region size 1024K, 24 young (24576K), 0 survivors (0K)
 Metaspace       used 4968K, capacity 6360K, committed 6528K, reserved 1056768K
  class space    used 500K, capacity 628K, committed 640K, reserved 1048576K
}
Event: 0.404 GC heap after
{Heap after GC invocations=1 (full 0):
 garbage-first heap   total 262144K, used 1938K [0x0000000701400000, 0x0000000800000000)
  region size 1024K, 2 young (2048K), 2 survivors (2048K)
 Metaspace       used 4968K, capacity 6360K, committed 6528K, reserved 1056768K
  class space    used 500K, capacity 628K, committed 640K, reserved 1048576K
}

Deoptimization events (20 events):
Event: 4.802 Thread 0x000001e412bac800 Uncommon trap: trap_request=0xffffffbe fr.pc=0x000001e4244576d0 relative=0x0000000000002ef0
Event: 4.802 Thread 0x000001e412bac800 Uncommon trap: reason=profile_predicate action=maybe_recompile pc=0x000001e4244576d0 method=java.util.TreeMap.put(Ljava/lang/Object;Ljava/lang/Object;)Ljava/lang/Object; @ 132 c2
Event: 4.802 Thread 0x000001e412bac800 DEOPT PACKING pc=0x000001e4244576d0 sp=0x00000040988fe130
Event: 4.802 Thread 0x000001e412bac800 DEOPT UNPACKING pc=0x000001e41c8c912f sp=0x00000040988fe170 mode 2
Event: 4.802 Thread 0x000001e412bac800 Uncommon trap: trap_request=0xffffffbe fr.pc=0x000001e4244576d0 relative=0x0000000000002ef0
Event: 4.802 Thread 0x000001e412bac800 Uncommon trap: reason=profile_predicate action=maybe_recompile pc=0x000001e4244576d0 method=java.util.TreeMap.put(Ljava/lang/Object;Ljava/lang/Object;)Ljava/lang/Object; @ 132 c2
Event: 4.802 Thread 0x000001e412bac800 DEOPT PACKING pc=0x000001e4244576d0 sp=0x00000040988fe130
Event: 4.802 Thread 0x000001e412bac800 DEOPT UNPACKING pc=0x000001e41c8c912f sp=0x00000040988fe170 mode 2
Event: 4.802 Thread 0x000001e412bac800 Uncommon trap: trap_request=0xffffffbe fr.pc=0x000001e4244576d0 relative=0x0000000000002ef0
Event: 4.802 Thread 0x000001e412bac800 Uncommon trap: reason=profile_predicate action=maybe_recompile pc=0x000001e4244576d0 method=java.util.TreeMap.put(Ljava/lang/Object;Ljava/lang/Object;)Ljava/lang/Object; @ 132 c2
Event: 4.802 Thread 0x000001e412bac800 DEOPT PACKING pc=0x000001e4244576d0 sp=0x00000040988fe130
Event: 4.802 Thread 0x000001e412bac800 DEOPT UNPACKING pc=0x000001e41c8c912f sp=0x00000040988fe170 mode 2
Event: 4.802 Thread 0x000001e412bac800 Uncommon trap: trap_request=0xffffffbe fr.pc=0x000001e4244576d0 relative=0x0000000000002ef0
Event: 4.802 Thread 0x000001e412bac800 Uncommon trap: reason=profile_predicate action=maybe_recompile pc=0x000001e4244576d0 method=java.util.TreeMap.put(Ljava/lang/Object;Ljava/lang/Object;)Ljava/lang/Object; @ 132 c2
Event: 4.802 Thread 0x000001e412bac800 DEOPT PACKING pc=0x000001e4244576d0 sp=0x00000040988fe130
Event: 4.802 Thread 0x000001e412bac800 DEOPT UNPACKING pc=0x000001e41c8c912f sp=0x00000040988fe170 mode 2
Event: 814.786 Thread 0x000001e439552000 DEOPT PACKING pc=0x000001e41d22b9b2 sp=0x00000040998fd3d0
Event: 814.786 Thread 0x000001e439552000 DEOPT UNPACKING pc=0x000001e41c8c964e sp=0x00000040998fcb40 mode 0
Event: 3218.774 Thread 0x000001e439552000 DEOPT PACKING pc=0x000001e41d22a947 sp=0x00000040998fd3d0
Event: 3218.774 Thread 0x000001e439552000 DEOPT UNPACKING pc=0x000001e41c8c964e sp=0x00000040998fcb40 mode 0

Classes unloaded (0 events):
No events

Classes redefined (20 events):
Event: 2897.529 Thread 0x000001e438a1b800 redefined class name=com.tbf.DatabaseInfo, count=10
Event: 3134.645 Thread 0x000001e438a1b800 redefined class name=com.tbf.DatabaseInfo, count=11
Event: 3218.777 Thread 0x000001e438a1b800 redefined class name=com.tbf.DatabaseInfo, count=12
Event: 3535.781 Thread 0x000001e438a1b800 redefined class name=com.tbf.DatabaseInfo, count=13
Event: 3731.644 Thread 0x000001e438a1b800 redefined class name=com.tbf.DatabaseInfo, count=14
Event: 3736.799 Thread 0x000001e438a1b800 redefined class name=com.tbf.DatabaseInfo, count=15
Event: 3740.424 Thread 0x000001e438a1b800 redefined class name=com.tbf.DatabaseInfo, count=16
Event: 4174.211 Thread 0x000001e438a1b800 redefined class name=com.tbf.PortfolioReport, count=4
Event: 4320.414 Thread 0x000001e438a1b800 redefined class name=com.tbf.DatabaseInfo, count=17
Event: 4490.230 Thread 0x000001e438a1b800 redefined class name=com.tbf.PortfolioReport, count=5
Event: 4501.569 Thread 0x000001e438a1b800 redefined class name=com.tbf.PortfolioReport, count=6
Event: 4680.270 Thread 0x000001e438a1b800 redefined class name=com.tbf.PortfolioReport, count=7
Event: 6113.428 Thread 0x000001e438a1b800 redefined class name=com.tbf.PortfolioReport, count=8
Event: 6252.509 Thread 0x000001e438a1b800 redefined class name=com.tbf.PortfolioReport, count=9
Event: 7226.324 Thread 0x000001e438a1b800 redefined class name=com.tbf.DatabaseInfo, count=18
Event: 7374.883 Thread 0x000001e438a1b800 redefined class name=com.tbf.DatabaseInfo, count=19
Event: 7529.405 Thread 0x000001e438a1b800 redefined class name=com.tbf.DatabaseInfo, count=20
Event: 7786.680 Thread 0x000001e438a1b800 redefined class name=com.tbf.DatabaseInfo, count=21
Event: 7849.368 Thread 0x000001e438a1b800 redefined class name=com.tbf.DatabaseInfo, count=22
Event: 7863.292 Thread 0x000001e438a1b800 redefined class name=com.tbf.DatabaseInfo, count=23

Internal exceptions (6 events):
Event: 0.330 Thread 0x000001e412bac800 Exception <a 'java/lang/NoSuchMethodError'{0x00000007105ba0d0}: 'java.lang.Object java.lang.invoke.DirectMethodHandle$Holder.invokeStaticInit(java.lang.Object, java.lang.Object, java.lang.Object)'> (0x00000007105ba0d0) 
thrown [t:/workspace/open/src/hotspot/share/interpreter/linkResolver.cpp, line 767]
Event: 0.602 Thread 0x000001e412bac800 Exception <a 'java/lang/NoSuchMethodError'{0x000000070fc4f2b8}: 'int java.lang.invoke.DirectMethodHandle$Holder.invokeStatic(java.lang.Object, java.lang.Object, java.lang.Object, java.lang.Object, java.lang.Object)'> (0x000000070fc4f2b8) 
thrown [t:/workspace/open/src/hotspot/share/interpreter/linkResolver.cpp, line 767]
Event: 0.614 Thread 0x000001e412bac800 Exception <a 'java/lang/NoSuchMethodError'{0x000000070f928b38}: 'int java.lang.invoke.DirectMethodHandle$Holder.invokeInterface(java.lang.Object, java.lang.Object)'> (0x000000070f928b38) 
thrown [t:/workspace/open/src/hotspot/share/interpreter/linkResolver.cpp, line 767]
Event: 0.614 Thread 0x000001e412bac800 Exception <a 'java/lang/IncompatibleClassChangeError'{0x000000070f92b528}: Found class java.lang.Object, but interface was expected> (0x000000070f92b528) 
thrown [t:/workspace/open/src/hotspot/share/interpreter/linkResolver.cpp, line 833]
Event: 0.688 Thread 0x000001e412bac800 Exception <a 'java/lang/NoSuchMethodError'{0x000000070f6f7910}: 'int java.lang.invoke.DirectMethodHandle$Holder.invokeSpecialIFC(java.lang.Object, java.lang.Object, int)'> (0x000000070f6f7910) 
thrown [t:/workspace/open/src/hotspot/share/interpreter/linkResolver.cpp, line 767]
Event: 7971.352 Thread 0x000001e439552000 Exception <a 'java/lang/LinkageError'{0x000000070dcd0000}> (0x000000070dcd0000) 
thrown [t:/workspace/open/src/hotspot/share/oops/generateOopMap.cpp, line 2140]

Events (20 events):
Event: 7918.545 Executing VM operation: GetFrameCount
Event: 7918.545 Executing VM operation: GetFrameCount done
Event: 7918.545 Executing VM operation: GetFrameCount
Event: 7918.545 Executing VM operation: GetFrameCount done
Event: 7918.546 Executing VM operation: GetStackTrace
Event: 7918.546 Executing VM operation: GetStackTrace done
Event: 7918.546 Executing VM operation: GetFrameCount
Event: 7918.546 Executing VM operation: GetFrameCount done
Event: 7918.546 Executing VM operation: GetOwnedMonitorInfo
Event: 7918.546 Executing VM operation: GetOwnedMonitorInfo done
Event: 7918.546 Executing VM operation: GetCurrentContendedMonitor
Event: 7918.546 Executing VM operation: GetCurrentContendedMonitor done
Event: 7918.546 Executing VM operation: GetOwnedMonitorInfo
Event: 7918.546 Executing VM operation: GetOwnedMonitorInfo done
Event: 7918.546 Executing VM operation: GetCurrentContendedMonitor
Event: 7918.546 Executing VM operation: GetCurrentContendedMonitor done
Event: 7918.547 Executing VM operation: GetCurrentContendedMonitor
Event: 7918.547 Executing VM operation: GetCurrentContendedMonitor done
Event: 7918.547 Executing VM operation: GetOwnedMonitorInfo
Event: 7918.547 Executing VM operation: GetOwnedMonitorInfo done


Dynamic libraries:
0x00007ff6b0f20000 - 0x00007ff6b0f2f000 	C:\Program Files\Java\jdk-13.0.2\bin\javaw.exe
0x00007ffa5c1e0000 - 0x00007ffa5c3d0000 	C:\WINDOWS\SYSTEM32\ntdll.dll
0x00007ffa5b1b0000 - 0x00007ffa5b262000 	C:\WINDOWS\System32\KERNEL32.DLL
0x00007ffa59570000 - 0x00007ffa59813000 	C:\WINDOWS\System32\KERNELBASE.dll
0x00007ffa59820000 - 0x00007ffa5991a000 	C:\WINDOWS\System32\ucrtbase.dll
0x00007ffa4f0e0000 - 0x00007ffa4f0f5000 	C:\Program Files\Java\jdk-13.0.2\bin\VCRUNTIME140.dll
0x00007ffa35e80000 - 0x00007ffa35e98000 	C:\Program Files\Java\jdk-13.0.2\bin\jli.dll
0x00007ffa5af40000 - 0x00007ffa5afe3000 	C:\WINDOWS\System32\ADVAPI32.dll
0x00007ffa5b3d0000 - 0x00007ffa5b46e000 	C:\WINDOWS\System32\msvcrt.dll
0x00007ffa5aea0000 - 0x00007ffa5af37000 	C:\WINDOWS\System32\sechost.dll
0x00007ffa5bc50000 - 0x00007ffa5bd70000 	C:\WINDOWS\System32\RPCRT4.dll
0x00007ffa5bab0000 - 0x00007ffa5bc44000 	C:\WINDOWS\System32\USER32.dll
0x00007ffa4b360000 - 0x00007ffa4b5e5000 	C:\WINDOWS\WinSxS\amd64_microsoft.windows.common-controls_6595b64144ccf1df_6.0.18362.778_none_e6c6b761130d4fb8\COMCTL32.dll
0x00007ffa59270000 - 0x00007ffa59291000 	C:\WINDOWS\System32\win32u.dll
0x00007ffa5b4f0000 - 0x00007ffa5b826000 	C:\WINDOWS\System32\combase.dll
0x00007ffa5a780000 - 0x00007ffa5a7a6000 	C:\WINDOWS\System32\GDI32.dll
0x00007ffa5a210000 - 0x00007ffa5a290000 	C:\WINDOWS\System32\bcryptPrimitives.dll
0x00007ffa592a0000 - 0x00007ffa59434000 	C:\WINDOWS\System32\gdi32full.dll
0x00007ffa591d0000 - 0x00007ffa5926e000 	C:\WINDOWS\System32\msvcp_win.dll
0x00007ffa539e0000 - 0x00007ffa539ea000 	C:\WINDOWS\SYSTEM32\VERSION.dll
0x00007ffa5c080000 - 0x00007ffa5c0ae000 	C:\WINDOWS\System32\IMM32.DLL
0x00007ff9dca50000 - 0x00007ff9dcaeb000 	C:\Program Files\Java\jdk-13.0.2\bin\msvcp140.dll
0x00007ff9e9420000 - 0x00007ff9e9f7d000 	C:\Program Files\Java\jdk-13.0.2\bin\server\jvm.dll
0x00007ffa5bd70000 - 0x00007ffa5bd78000 	C:\WINDOWS\System32\PSAPI.DLL
0x00007ffa4d290000 - 0x00007ffa4d299000 	C:\WINDOWS\SYSTEM32\WSOCK32.dll
0x00007ffa49360000 - 0x00007ffa49384000 	C:\WINDOWS\SYSTEM32\WINMM.dll
0x00007ffa5b480000 - 0x00007ffa5b4ef000 	C:\WINDOWS\System32\WS2_32.dll
0x00007ffa474a0000 - 0x00007ffa474cd000 	C:\WINDOWS\SYSTEM32\WINMMBASE.dll
0x00007ffa59440000 - 0x00007ffa5948a000 	C:\WINDOWS\System32\cfgmgr32.dll
0x00007ffa59100000 - 0x00007ffa59111000 	C:\WINDOWS\System32\kernel.appcore.dll
0x00007ffa4d1e0000 - 0x00007ffa4d1f0000 	C:\Program Files\Java\jdk-13.0.2\bin\verify.dll
0x00007ffa57930000 - 0x00007ffa57b24000 	C:\WINDOWS\SYSTEM32\DBGHELP.DLL
0x00007ffa536a0000 - 0x00007ffa536ca000 	C:\WINDOWS\SYSTEM32\dbgcore.DLL
0x00007ffa322c0000 - 0x00007ffa322e6000 	C:\Program Files\Java\jdk-13.0.2\bin\java.dll
0x00007ffa31a40000 - 0x00007ffa31a78000 	C:\Program Files\Java\jdk-13.0.2\bin\jdwp.dll
0x00007ffa4f4e0000 - 0x00007ffa4f4ee000 	C:\Program Files\Java\jdk-13.0.2\bin\instrument.dll
0x00007ffa42e50000 - 0x00007ffa42e67000 	C:\Program Files\Java\jdk-13.0.2\bin\zip.dll
0x00007ffa4d1d0000 - 0x00007ffa4d1da000 	C:\Program Files\Java\jdk-13.0.2\bin\jimage.dll
0x00007ffa5a7b0000 - 0x00007ffa5ae95000 	C:\WINDOWS\System32\SHELL32.dll
0x00007ffa5aff0000 - 0x00007ffa5b099000 	C:\WINDOWS\System32\shcore.dll
0x00007ffa59920000 - 0x00007ffa5a0a0000 	C:\WINDOWS\System32\windows.storage.dll
0x00007ffa59140000 - 0x00007ffa59163000 	C:\WINDOWS\System32\profapi.dll
0x00007ffa590b0000 - 0x00007ffa590fa000 	C:\WINDOWS\System32\powrprof.dll
0x00007ffa590a0000 - 0x00007ffa590b0000 	C:\WINDOWS\System32\UMPDC.dll
0x00007ffa5b150000 - 0x00007ffa5b1a2000 	C:\WINDOWS\System32\shlwapi.dll
0x00007ffa5a0a0000 - 0x00007ffa5a0b7000 	C:\WINDOWS\System32\cryptsp.dll
0x00007ffa4d1f0000 - 0x00007ffa4d1fb000 	C:\Program Files\Java\jdk-13.0.2\bin\dt_socket.dll
0x00007ffa588b0000 - 0x00007ffa58917000 	C:\WINDOWS\system32\mswsock.dll
0x00007ffa58600000 - 0x00007ffa586ca000 	C:\WINDOWS\SYSTEM32\DNSAPI.dll
0x00007ffa5b470000 - 0x00007ffa5b478000 	C:\WINDOWS\System32\NSI.dll
0x00007ffa585c0000 - 0x00007ffa585fa000 	C:\WINDOWS\SYSTEM32\IPHLPAPI.DLL
0x00007ffa52b00000 - 0x00007ffa52b0a000 	C:\Windows\System32\rasadhlp.dll
0x00007ffa53b20000 - 0x00007ffa53b97000 	C:\WINDOWS\System32\fwpuclnt.dll
0x00007ffa59540000 - 0x00007ffa59566000 	C:\WINDOWS\System32\bcrypt.dll
0x00007ffa42ba0000 - 0x00007ffa42bb9000 	C:\Program Files\Java\jdk-13.0.2\bin\net.dll
0x00007ffa54310000 - 0x00007ffa54400000 	C:\WINDOWS\SYSTEM32\WINHTTP.dll
0x00007ffa38ed0000 - 0x00007ffa38ee3000 	C:\Program Files\Java\jdk-13.0.2\bin\nio.dll
0x00007ffa49390000 - 0x00007ffa49399000 	C:\Program Files\Java\jdk-13.0.2\bin\management.dll
0x00007ffa38940000 - 0x00007ffa3894b000 	C:\Program Files\Java\jdk-13.0.2\bin\management_ext.dll
0x00007ffa42690000 - 0x00007ffa426a6000 	C:\WINDOWS\system32\napinsp.dll
0x00007ffa42620000 - 0x00007ffa4263a000 	C:\WINDOWS\system32\pnrpnsp.dll
0x00007ffa425d0000 - 0x00007ffa425de000 	C:\WINDOWS\System32\winrnr.dll
0x00007ffa54450000 - 0x00007ffa5446c000 	C:\WINDOWS\system32\NLAapi.dll
0x00007ffa551b0000 - 0x00007ffa551c5000 	C:\WINDOWS\system32\wshbth.dll

dbghelp: loaded successfully - version: 4.0.5 - missing functions: none
symbol engine: initialized successfully - sym options: 0x614 - pdb path: .;C:\Program Files\Java\jdk-13.0.2\bin;C:\WINDOWS\SYSTEM32;C:\WINDOWS\WinSxS\amd64_microsoft.windows.common-controls_6595b64144ccf1df_6.0.18362.778_none_e6c6b761130d4fb8;C:\Program Files\Java\jdk-13.0.2\bin\server

VM Arguments:
jvm_args: -agentlib:jdwp=transport=dt_socket,suspend=y,address=localhost:57640 -javaagent:C:\Users\antho\eclipse\java-2020-03\eclipse\configuration\org.eclipse.osgi\223\0\.cp\lib\javaagent-shaded.jar -Dfile.encoding=Cp1252 
java_command: com.tbf.PortfolioReport
java_class_path (initial): C:\Users\antho\Documents\GitHub\CSCE-156H-Project\TooBigToFail\bin;C:\Users\antho\Documents\GitHub\CSCE-156H-Project\TooBigToFail\lib\gson-2.8.6.jar;C:\Users\antho\Documents\GitHub\CSCE-156H-Project\TooBigToFail\lib\xpp3-1.1.4c.jar;C:\Users\antho\Documents\GitHub\CSCE-156H-Project\TooBigToFail\lib\xmlpull-1.1.3.1.jar;C:\Users\antho\Documents\GitHub\CSCE-156H-Project\TooBigToFail\lib\xstream-1.4.1.jar;C:\Users\antho\Documents\GitHub\CSCE-156H-Project\TooBigToFail\lib\mysql-connector-java-5.1.17-bin.jar;C:\Users\antho\Documents\GitHub\CSCE-156H-Project\TooBigToFail\lib\log4j-api-2.13.1.jar;C:\Users\antho\Documents\GitHub\CSCE-156H-Project\TooBigToFail\lib\log4j-core-2.13.1.jar
Launcher Type: SUN_STANDARD

[Global flags]
     intx CICompilerCount                          = 4                                         {product} {ergonomic}
     uint ConcGCThreads                            = 3                                         {product} {ergonomic}
     uint G1ConcRefinementThreads                  = 10                                        {product} {ergonomic}
   size_t G1HeapRegionSize                         = 1048576                                   {product} {ergonomic}
    uintx GCDrainStackTargetSize                   = 64                                        {product} {ergonomic}
   size_t InitialHeapSize                          = 268435456                                 {product} {ergonomic}
   size_t MarkStackSize                            = 4194304                                   {product} {ergonomic}
   size_t MaxHeapSize                              = 4273995776                                {product} {ergonomic}
   size_t MaxNewSize                               = 2563768320                                {product} {ergonomic}
   size_t MinHeapDeltaBytes                        = 1048576                                   {product} {ergonomic}
   size_t MinHeapSize                              = 8388608                                   {product} {ergonomic}
    uintx NonNMethodCodeHeapSize                   = 5839372                                {pd product} {ergonomic}
    uintx NonProfiledCodeHeapSize                  = 122909434                              {pd product} {ergonomic}
    uintx ProfiledCodeHeapSize                     = 122909434                              {pd product} {ergonomic}
    uintx ReservedCodeCacheSize                    = 251658240                              {pd product} {ergonomic}
     bool SegmentedCodeCache                       = true                                      {product} {ergonomic}
   size_t SoftMaxHeapSize                          = 4273995776                             {manageable} {ergonomic}
     bool UseCompressedClassPointers               = true                                 {lp64_product} {ergonomic}
     bool UseCompressedOops                        = true                                 {lp64_product} {ergonomic}
     bool UseG1GC                                  = true                                      {product} {ergonomic}
     bool UseLargePagesIndividualAllocation        = false                                  {pd product} {ergonomic}

Logging:
Log output configuration:
 #0: stdout all=warning uptime,level,tags
 #1: stderr all=off uptime,level,tags

Environment Variables:
PATH=C:/Program Files/Java/jdk-13.0.2/bin/server;C:/Program Files/Java/jdk-13.0.2/bin;C:\Windows\system32;C:\Windows;C:\Windows\System32\Wbem;C:\Windows\System32\WindowsPowerShell\v1.0\;C:\Windows\System32\OpenSSH\;C:\Program Files\NVIDIA Corporation\NVIDIA NvDLISR;C:\Program Files (x86)\NVIDIA Corporation\PhysX\Common;C:\Program Files\NVIDIA Corporation\NVIDIA NGX;C:\WINDOWS\system32;C:\WINDOWS;C:\WINDOWS\System32\Wbem;C:\WINDOWS\System32\WindowsPowerShell\v1.0\;C:\WINDOWS\System32\OpenSSH\;C:\Program Files\PuTTY\;C:\Users\antho\AppData\Local\Microsoft\WindowsApps;C:\Users\antho\AppData\Local\GitHubDesktop\bin;C:\Users\antho\AppData\Local\atom\bin;C:\WINDOWS\system32;
USERNAME=Skit Mix
OS=Windows_NT
PROCESSOR_IDENTIFIER=Intel64 Family 6 Model 158 Stepping 10, GenuineIntel



---------------  S Y S T E M  ---------------

OS: Windows 10 , 64 bit Build 18362 (10.0.18362.778)

CPU:total 12 (initial active 12) (6 cores per cpu, 2 threads per core) family 6 model 158 stepping 10, cmov, cx8, fxsr, mmx, sse, sse2, sse3, ssse3, sse4.1, sse4.2, popcnt, avx, avx2, aes, clmul, erms, rtm, 3dnowpref, lzcnt, ht, tsc, tscinvbit, bmi1, bmi2, adx, fma

Memory: 4k page, system-wide physical 16299M (8412M free)
TotalPageFile size 23723M (AvailPageFile size 9218M)
current process WorkingSet (physical memory assigned to process): 58M, peak: 178M
current process commit charge ("private bytes"): 369M, peak: 442M

vm_info: Java HotSpot(TM) 64-Bit Server VM (13.0.2+8) for windows-amd64 JRE (13.0.2+8), built on Dec 11 2019 09:20:33 by "mach5one" with unknown MS VC++:1916

END.
